  Source.cpp
  payloads.cpp
D:\source\repos\NoWayHomeDebug\NoWayHomeDebug\payloads.cpp(95,20): warning C4018: '<': signed/unsigned mismatch
D:\source\repos\NoWayHomeDebug\NoWayHomeDebug\payloads.cpp(251,8): warning C4101: 'hWnd': unreferenced local variable
D:\source\repos\NoWayHomeDebug\NoWayHomeDebug\payloads.cpp(252,8): warning C4101: 'wRect': unreferenced local variable
D:\source\repos\NoWayHomeDebug\NoWayHomeDebug\payloads.cpp(229,8): warning C4101: 'rekt': unreferenced local variable
D:\source\repos\NoWayHomeDebug\NoWayHomeDebug\payloads.cpp(253,9): warning C4101: 'wPt': unreferenced local variable
D:\source\repos\NoWayHomeDebug\NoWayHomeDebug\payloads.cpp(250,7): warning C4101: 'hDsktp': unreferenced local variable
D:\source\repos\NoWayHomeDebug\NoWayHomeDebug\payloads.cpp(445,24): warning C4129: 'T': unrecognized character escape sequence
D:\source\repos\NoWayHomeDebug\NoWayHomeDebug\payloads.cpp(445,24): warning C4129: 's': unrecognized character escape sequence
D:\source\repos\NoWayHomeDebug\NoWayHomeDebug\payloads.cpp(445,24): warning C4129: 'I': unrecognized character escape sequence
D:\source\repos\NoWayHomeDebug\NoWayHomeDebug\payloads.cpp(445,24): warning C4129: 'p': unrecognized character escape sequence
D:\source\repos\NoWayHomeDebug\NoWayHomeDebug\payloads.cpp(445,24): warning C4129: 'D': unrecognized character escape sequence
D:\source\repos\NoWayHomeDebug\NoWayHomeDebug\payloads.cpp(446,21): warning C4129: 'T': unrecognized character escape sequence
D:\source\repos\NoWayHomeDebug\NoWayHomeDebug\payloads.cpp(446,21): warning C4129: 'S': unrecognized character escape sequence
  Generating code
  3 of 170 functions ( 1.8%) were compiled, the rest were copied from previous compilation.
    2 functions were new in current compilation
    5 functions had inline decision re-evaluated but remain unchanged
  Finished generating code
  NoWayHomeDebug.vcxproj -> D:\source\repos\NoWayHomeDebug\Release\NoWayHomeDebug.exe
